<?xml version="1.0" encoding="UTF-8"?>
<testng-results skipped="0" failed="0" total="1" passed="1">
  <reporter-output>
  </reporter-output>
  <suite name="Suite" duration-ms="28" started-at="2016-12-29T15:50:19Z" finished-at="2016-12-29T15:50:19Z">
    <groups>
    </groups>
    <test name="Test" duration-ms="28" started-at="2016-12-29T15:50:19Z" finished-at="2016-12-29T15:50:19Z">
      <class name="demoJenkins.DemoJenkinsJobs">
        <test-method status="PASS" signature="testJenkins()[pri:0, instance:demoJenkins.DemoJenkinsJobs@50cbc42f]" name="testJenkins" duration-ms="9" started-at="2016-12-29T21:20:19Z" finished-at="2016-12-29T21:20:19Z">
          <reporter-output>
          </reporter-output>
        </test-method> <!-- testJenkins -->
      </class> <!-- demoJenkins.DemoJenkinsJobs -->
    </test> <!-- Test -->
  </suite> <!-- Suite -->
</testng-results>
